d:\desktop\hw3_cse381\hw3\build\wolfie3d.dir\debug\vc143.pdb
d:\desktop\hw3_cse381\hw3\build\wolfie3d.dir\debug\physical_device.obj
d:\desktop\hw3_cse381\hw3\build\wolfie3d.dir\debug\instance.obj
d:\desktop\hw3_cse381\hw3\build\wolfie3d.dir\debug\image_view.obj
d:\desktop\hw3_cse381\hw3\build\wolfie3d.dir\debug\image_resource.obj
d:\desktop\hw3_cse381\hw3\build\wolfie3d.dir\debug\graphics_pipeline.obj
d:\desktop\hw3_cse381\hw3\build\wolfie3d.dir\debug\framebuffer.obj
d:\desktop\hw3_cse381\hw3\build\wolfie3d.dir\debug\device.obj
d:\desktop\hw3_cse381\hw3\build\wolfie3d.dir\debug\descriptor_allocator.obj
d:\desktop\hw3_cse381\hw3\build\wolfie3d.dir\debug\command_pool.obj
d:\desktop\hw3_cse381\hw3\build\wolfie3d.dir\debug\command_buffer.obj
d:\desktop\hw3_cse381\hw3\build\wolfie3d.dir\debug\utils.obj
d:\desktop\hw3_cse381\hw3\build\wolfie3d.dir\debug\timer.obj
d:\desktop\hw3_cse381\hw3\build\wolfie3d.dir\debug\file_utils.obj
d:\desktop\hw3_cse381\hw3\build\wolfie3d.dir\debug\cvar.obj
d:\desktop\hw3_cse381\hw3\build\wolfie3d.dir\debug\controller.obj
d:\desktop\hw3_cse381\hw3\build\wolfie3d.dir\debug\pbr_baker.obj
d:\desktop\hw3_cse381\hw3\build\wolfie3d.dir\debug\tiny_gltf.obj
d:\desktop\hw3_cse381\hw3\build\wolfie3d.dir\debug\stb_image_resize.obj
d:\desktop\hw3_cse381\hw3\build\wolfie3d.dir\debug\gltf_loader.obj
d:\desktop\hw3_cse381\hw3\build\wolfie3d.dir\debug\main.obj
d:\desktop\hw3_cse381\hw3\build\wolfie3d.dir\debug\perspective_camera.obj
d:\desktop\hw3_cse381\hw3\build\wolfie3d.dir\debug\pbr_material.obj
d:\desktop\hw3_cse381\hw3\build\wolfie3d.dir\debug\mesh.obj
d:\desktop\hw3_cse381\hw3\build\wolfie3d.dir\debug\material.obj
d:\desktop\hw3_cse381\hw3\build\wolfie3d.dir\debug\camera.obj
d:\desktop\hw3_cse381\hw3\build\wolfie3d.dir\debug\aabb.obj
d:\desktop\hw3_cse381\hw3\build\wolfie3d.dir\debug\script.obj
d:\desktop\hw3_cse381\hw3\build\wolfie3d.dir\debug\scene.obj
d:\desktop\hw3_cse381\hw3\build\wolfie3d.dir\debug\node.obj
d:\desktop\hw3_cse381\hw3\build\wolfie3d.dir\debug\component.obj
d:\desktop\hw3_cse381\hw3\build\wolfie3d.dir\debug\vk_mem_alloc.obj
d:\desktop\hw3_cse381\hw3\build\wolfie3d.dir\debug\buffer.obj
d:\desktop\hw3_cse381\hw3\build\wolfie3d.dir\debug\allocator.obj
d:\desktop\hw3_cse381\hw3\build\wolfie3d.dir\debug\window.obj
d:\desktop\hw3_cse381\hw3\build\wolfie3d.dir\debug\sync_objects.obj
d:\desktop\hw3_cse381\hw3\build\wolfie3d.dir\debug\swapchain.obj
d:\desktop\hw3_cse381\hw3\build\wolfie3d.dir\debug\surface.obj
d:\desktop\hw3_cse381\hw3\build\wolfie3d.dir\debug\renderer.obj
d:\desktop\hw3_cse381\hw3\build\wolfie3d.dir\debug\render_pass.obj
d:\desktop\hw3_cse381\hw3\build\wolfie3d.dir\debug\pipeline_layout.obj
d:\desktop\hw3_cse381\hw3\build\wolfie3d.dir\debug\player.obj
d:\desktop\hw3_cse381\hw3\build\wolfie3d.dir\debug\free_camera.obj
d:\desktop\hw3_cse381\hw3\build\wolfie3d.dir\debug\transform.obj
d:\desktop\hw3_cse381\hw3\build\wolfie3d.dir\debug\texture.obj
d:\desktop\hw3_cse381\hw3\build\wolfie3d.dir\debug\submesh.obj
d:\desktop\hw3_cse381\hw3\build\wolfie3d.dir\debug\src\core\sampler.cpp.obj
d:\desktop\hw3_cse381\hw3\build\wolfie3d.dir\debug\src\core\device_memory\image.cpp.obj
d:\desktop\hw3_cse381\hw3\build\wolfie3d.dir\debug\src\scene_graph\components\image.cpp.obj
d:\desktop\hw3_cse381\hw3\build\wolfie3d.dir\debug\src\scene_graph\components\sampler.cpp.obj
d:\desktop\hw3_cse381\hw3\build\cmakefiles\generate.stamp
d:\desktop\hw3_cse381\hw3\build\debug\wolfie3d.exe
d:\desktop\hw3_cse381\hw3\build\wolfie3d.dir\debug\wolfie3d.ilk
d:\desktop\hw3_cse381\hw3\build\debug\wolfie3d.pdb
d:\desktop\hw3_cse381\hw3\build\wolfie3d.dir\debug\wolfie3d.tlog\cl.command.1.tlog
d:\desktop\hw3_cse381\hw3\build\wolfie3d.dir\debug\wolfie3d.tlog\cl.items.tlog
d:\desktop\hw3_cse381\hw3\build\wolfie3d.dir\debug\wolfie3d.tlog\cl.read.1.tlog
d:\desktop\hw3_cse381\hw3\build\wolfie3d.dir\debug\wolfie3d.tlog\cl.write.1.tlog
d:\desktop\hw3_cse381\hw3\build\wolfie3d.dir\debug\wolfie3d.tlog\custombuild.command.1.tlog
d:\desktop\hw3_cse381\hw3\build\wolfie3d.dir\debug\wolfie3d.tlog\custombuild.read.1.tlog
d:\desktop\hw3_cse381\hw3\build\wolfie3d.dir\debug\wolfie3d.tlog\custombuild.write.1.tlog
d:\desktop\hw3_cse381\hw3\build\wolfie3d.dir\debug\wolfie3d.tlog\link.command.1.tlog
d:\desktop\hw3_cse381\hw3\build\wolfie3d.dir\debug\wolfie3d.tlog\link.read.1.tlog
d:\desktop\hw3_cse381\hw3\build\wolfie3d.dir\debug\wolfie3d.tlog\link.write.1.tlog
